Analysis & Synthesis report for LM75_I2C
Thu Nov 14 20:24:12 2019
Quartus II 64-Bit Version 13.0.1 Build 232 06/12/2013 Service Pack 1 SJ Web Edition


---------------------
; Table of Contents ;
---------------------
  1. Legal Notice
  2. Analysis & Synthesis Summary
  3. Analysis & Synthesis Settings
  4. Parallel Compilation
  5. Analysis & Synthesis Source Files Read
  6. Analysis & Synthesis Resource Usage Summary
  7. Analysis & Synthesis Resource Utilization by Entity
  8. State Machine - |LM75_I2C|state
  9. Registers Removed During Synthesis
 10. Removed Registers Triggering Further Register Optimizations
 11. General Register Statistics
 12. Inverted Register Statistics
 13. Multiplexer Restructuring Statistics (Restructuring Performed)
 14. Parameter Settings for Inferred Entity Instance: lpm_divide:Mod3
 15. Parameter Settings for Inferred Entity Instance: lpm_divide:Mod2
 16. Parameter Settings for Inferred Entity Instance: lpm_divide:Div1
 17. Parameter Settings for Inferred Entity Instance: lpm_divide:Mod1
 18. Parameter Settings for Inferred Entity Instance: lpm_divide:Div0
 19. Parameter Settings for Inferred Entity Instance: lpm_divide:Mod0
 20. Elapsed Time Per Partition
 21. Analysis & Synthesis Messages



----------------
; Legal Notice ;
----------------
Copyright (C) 1991-2013 Altera Corporation
Your use of Altera Corporation's design tools, logic functions 
and other software and tools, and its AMPP partner logic 
functions, and any output files from any of the foregoing 
(including device programming or simulation files), and any 
associated documentation or information are expressly subject 
to the terms and conditions of the Altera Program License 
Subscription Agreement, Altera MegaCore Function License 
Agreement, or other applicable license agreement, including, 
without limitation, that your use is for the sole purpose of 
programming logic devices manufactured by Altera and sold by 
Altera or its authorized distributors.  Please refer to the 
applicable agreement for further details.



+--------------------------------------------------------------------------------------+
; Analysis & Synthesis Summary                                                         ;
+------------------------------------+-------------------------------------------------+
; Analysis & Synthesis Status        ; Successful - Thu Nov 14 20:24:12 2019           ;
; Quartus II 64-Bit Version          ; 13.0.1 Build 232 06/12/2013 SP 1 SJ Web Edition ;
; Revision Name                      ; LM75_I2C                                        ;
; Top-level Entity Name              ; LM75_I2C                                        ;
; Family                             ; Cyclone IV GX                                   ;
; Total logic elements               ; 1,081                                           ;
;     Total combinational functions  ; 1,062                                           ;
;     Dedicated logic registers      ; 115                                             ;
; Total registers                    ; 115                                             ;
; Total pins                         ; 44                                              ;
; Total virtual pins                 ; 0                                               ;
; Total memory bits                  ; 0                                               ;
; Embedded Multiplier 9-bit elements ; 0                                               ;
; Total GXB Receiver Channel PCS     ; 0                                               ;
; Total GXB Receiver Channel PMA     ; 0                                               ;
; Total GXB Transmitter Channel PCS  ; 0                                               ;
; Total GXB Transmitter Channel PMA  ; 0                                               ;
; Total PLLs                         ; 0                                               ;
+------------------------------------+-------------------------------------------------+


+----------------------------------------------------------------------------------------------------------------------+
; Analysis & Synthesis Settings                                                                                        ;
+----------------------------------------------------------------------------+--------------------+--------------------+
; Option                                                                     ; Setting            ; Default Value      ;
+----------------------------------------------------------------------------+--------------------+--------------------+
; Top-level entity name                                                      ; LM75_I2C           ; LM75_I2C           ;
; Family name                                                                ; Cyclone IV GX      ; Cyclone IV GX      ;
; Use smart compilation                                                      ; Off                ; Off                ;
; Enable parallel Assembler and TimeQuest Timing Analyzer during compilation ; On                 ; On                 ;
; Enable compact report table                                                ; Off                ; Off                ;
; Restructure Multiplexers                                                   ; Auto               ; Auto               ;
; Create Debugging Nodes for IP Cores                                        ; Off                ; Off                ;
; Preserve fewer node names                                                  ; On                 ; On                 ;
; Disable OpenCore Plus hardware evaluation                                  ; Off                ; Off                ;
; Verilog Version                                                            ; Verilog_2001       ; Verilog_2001       ;
; VHDL Version                                                               ; VHDL_1993          ; VHDL_1993          ;
; State Machine Processing                                                   ; Auto               ; Auto               ;
; Safe State Machine                                                         ; Off                ; Off                ;
; Extract Verilog State Machines                                             ; On                 ; On                 ;
; Extract VHDL State Machines                                                ; On                 ; On                 ;
; Ignore Verilog initial constructs                                          ; Off                ; Off                ;
; Iteration limit for constant Verilog loops                                 ; 5000               ; 5000               ;
; Iteration limit for non-constant Verilog loops                             ; 250                ; 250                ;
; Add Pass-Through Logic to Inferred RAMs                                    ; On                 ; On                 ;
; Infer RAMs from Raw Logic                                                  ; On                 ; On                 ;
; Parallel Synthesis                                                         ; On                 ; On                 ;
; DSP Block Balancing                                                        ; Auto               ; Auto               ;
; NOT Gate Push-Back                                                         ; On                 ; On                 ;
; Power-Up Don't Care                                                        ; On                 ; On                 ;
; Remove Redundant Logic Cells                                               ; Off                ; Off                ;
; Remove Duplicate Registers                                                 ; On                 ; On                 ;
; Ignore CARRY Buffers                                                       ; Off                ; Off                ;
; Ignore CASCADE Buffers                                                     ; Off                ; Off                ;
; Ignore GLOBAL Buffers                                                      ; Off                ; Off                ;
; Ignore ROW GLOBAL Buffers                                                  ; Off                ; Off                ;
; Ignore LCELL Buffers                                                       ; Off                ; Off                ;
; Ignore SOFT Buffers                                                        ; On                 ; On                 ;
; Limit AHDL Integers to 32 Bits                                             ; Off                ; Off                ;
; Optimization Technique                                                     ; Balanced           ; Balanced           ;
; Carry Chain Length                                                         ; 70                 ; 70                 ;
; Auto Carry Chains                                                          ; On                 ; On                 ;
; Auto Open-Drain Pins                                                       ; On                 ; On                 ;
; Perform WYSIWYG Primitive Resynthesis                                      ; Off                ; Off                ;
; Auto ROM Replacement                                                       ; On                 ; On                 ;
; Auto RAM Replacement                                                       ; On                 ; On                 ;
; Auto DSP Block Replacement                                                 ; On                 ; On                 ;
; Auto Shift Register Replacement                                            ; Auto               ; Auto               ;
; Allow Shift Register Merging across Hierarchies                            ; Auto               ; Auto               ;
; Auto Clock Enable Replacement                                              ; On                 ; On                 ;
; Strict RAM Replacement                                                     ; Off                ; Off                ;
; Allow Synchronous Control Signals                                          ; On                 ; On                 ;
; Force Use of Synchronous Clear Signals                                     ; Off                ; Off                ;
; Auto RAM Block Balancing                                                   ; On                 ; On                 ;
; Auto RAM to Logic Cell Conversion                                          ; Off                ; Off                ;
; Auto Resource Sharing                                                      ; Off                ; Off                ;
; Allow Any RAM Size For Recognition                                         ; Off                ; Off                ;
; Allow Any ROM Size For Recognition                                         ; Off                ; Off                ;
; Allow Any Shift Register Size For Recognition                              ; Off                ; Off                ;
; Use LogicLock Constraints during Resource Balancing                        ; On                 ; On                 ;
; Ignore translate_off and synthesis_off directives                          ; Off                ; Off                ;
; Timing-Driven Synthesis                                                    ; On                 ; On                 ;
; Report Parameter Settings                                                  ; On                 ; On                 ;
; Report Source Assignments                                                  ; On                 ; On                 ;
; Report Connectivity Checks                                                 ; On                 ; On                 ;
; Ignore Maximum Fan-Out Assignments                                         ; Off                ; Off                ;
; Synchronization Register Chain Length                                      ; 2                  ; 2                  ;
; PowerPlay Power Optimization                                               ; Normal compilation ; Normal compilation ;
; HDL message level                                                          ; Level2             ; Level2             ;
; Suppress Register Optimization Related Messages                            ; Off                ; Off                ;
; Number of Removed Registers Reported in Synthesis Report                   ; 5000               ; 5000               ;
; Number of Swept Nodes Reported in Synthesis Report                         ; 5000               ; 5000               ;
; Number of Inverted Registers Reported in Synthesis Report                  ; 100                ; 100                ;
; Clock MUX Protection                                                       ; On                 ; On                 ;
; Auto Gated Clock Conversion                                                ; Off                ; Off                ;
; Block Design Naming                                                        ; Auto               ; Auto               ;
; SDC constraint protection                                                  ; Off                ; Off                ;
; Synthesis Effort                                                           ; Auto               ; Auto               ;
; Shift Register Replacement - Allow Asynchronous Clear Signal               ; On                 ; On                 ;
; Pre-Mapping Resynthesis Optimization                                       ; Off                ; Off                ;
; Analysis & Synthesis Message Level                                         ; Medium             ; Medium             ;
; Disable Register Merging Across Hierarchies                                ; Auto               ; Auto               ;
; Resource Aware Inference For Block RAM                                     ; On                 ; On                 ;
; Synthesis Seed                                                             ; 1                  ; 1                  ;
+----------------------------------------------------------------------------+--------------------+--------------------+


+------------------------------------------+
; Parallel Compilation                     ;
+----------------------------+-------------+
; Processors                 ; Number      ;
+----------------------------+-------------+
; Number detected on machine ; 8           ;
; Maximum allowed            ; 4           ;
;                            ;             ;
; Average used               ; 1.00        ;
; Maximum used               ; 4           ;
;                            ;             ;
; Usage by Processor         ; % Time Used ;
;     Processor 1            ; 100.0%      ;
;     Processors 2-4         ; < 0.1%      ;
;     Processors 5-8         ;   0.0%      ;
+----------------------------+-------------+


+---------------------------------------------------------------------------------------------------------------------------------------------------------------------+
; Analysis & Synthesis Source Files Read                                                                                                                              ;
+----------------------------------+-----------------+------------------------------+-----------------------------------------------------------------------+---------+
; File Name with User-Entered Path ; Used in Netlist ; File Type                    ; File Name with Absolute Path                                          ; Library ;
+----------------------------------+-----------------+------------------------------+-----------------------------------------------------------------------+---------+
; lm75_i2c.vhd                     ; yes             ; Auto-Found VHDL File         ; D:/DE0-LM75_I2C/lm75_i2c.vhd                                          ;         ;
; lpm_divide.tdf                   ; yes             ; Megafunction                 ; d:/altera/13.0sp1/quartus/libraries/megafunctions/lpm_divide.tdf      ;         ;
; abs_divider.inc                  ; yes             ; Megafunction                 ; d:/altera/13.0sp1/quartus/libraries/megafunctions/abs_divider.inc     ;         ;
; sign_div_unsign.inc              ; yes             ; Megafunction                 ; d:/altera/13.0sp1/quartus/libraries/megafunctions/sign_div_unsign.inc ;         ;
; aglobal130.inc                   ; yes             ; Megafunction                 ; d:/altera/13.0sp1/quartus/libraries/megafunctions/aglobal130.inc      ;         ;
; db/lpm_divide_6uo.tdf            ; yes             ; Auto-Generated Megafunction  ; D:/DE0-LM75_I2C/db/lpm_divide_6uo.tdf                                 ;         ;
; db/abs_divider_4dg.tdf           ; yes             ; Auto-Generated Megafunction  ; D:/DE0-LM75_I2C/db/abs_divider_4dg.tdf                                ;         ;
; db/alt_u_div_t8f.tdf             ; yes             ; Auto-Generated Megafunction  ; D:/DE0-LM75_I2C/db/alt_u_div_t8f.tdf                                  ;         ;
; db/add_sub_unc.tdf               ; yes             ; Auto-Generated Megafunction  ; D:/DE0-LM75_I2C/db/add_sub_unc.tdf                                    ;         ;
; db/add_sub_vnc.tdf               ; yes             ; Auto-Generated Megafunction  ; D:/DE0-LM75_I2C/db/add_sub_vnc.tdf                                    ;         ;
; db/lpm_abs_9v9.tdf               ; yes             ; Auto-Generated Megafunction  ; D:/DE0-LM75_I2C/db/lpm_abs_9v9.tdf                                    ;         ;
; db/lpm_divide_m4p.tdf            ; yes             ; Auto-Generated Megafunction  ; D:/DE0-LM75_I2C/db/lpm_divide_m4p.tdf                                 ;         ;
; db/abs_divider_nbg.tdf           ; yes             ; Auto-Generated Megafunction  ; D:/DE0-LM75_I2C/db/abs_divider_nbg.tdf                                ;         ;
; db/alt_u_div_36f.tdf             ; yes             ; Auto-Generated Megafunction  ; D:/DE0-LM75_I2C/db/alt_u_div_36f.tdf                                  ;         ;
; db/lpm_abs_st9.tdf               ; yes             ; Auto-Generated Megafunction  ; D:/DE0-LM75_I2C/db/lpm_abs_st9.tdf                                    ;         ;
; db/lpm_divide_06p.tdf            ; yes             ; Auto-Generated Megafunction  ; D:/DE0-LM75_I2C/db/lpm_divide_06p.tdf                                 ;         ;
; db/abs_divider_1dg.tdf           ; yes             ; Auto-Generated Megafunction  ; D:/DE0-LM75_I2C/db/abs_divider_1dg.tdf                                ;         ;
; db/alt_u_div_n8f.tdf             ; yes             ; Auto-Generated Megafunction  ; D:/DE0-LM75_I2C/db/alt_u_div_n8f.tdf                                  ;         ;
; db/lpm_abs_6v9.tdf               ; yes             ; Auto-Generated Megafunction  ; D:/DE0-LM75_I2C/db/lpm_abs_6v9.tdf                                    ;         ;
+----------------------------------+-----------------+------------------------------+-----------------------------------------------------------------------+---------+


+---------------------------------------------+
; Analysis & Synthesis Resource Usage Summary ;
+--------------------------+------------------+
; Resource                 ; Usage            ;
+--------------------------+------------------+
; I/O pins                 ; 44               ;
; DSP block 9-bit elements ; 0                ;
; Maximum fan-out node     ; CLOCK_50~input   ;
; Maximum fan-out          ; 115              ;
; Total fan-out            ; 3282             ;
; Average fan-out          ; 2.59             ;
+--------------------------+------------------+


+--------------------------------------------------------------------------------------------------------------------------------------------------------------------------------------------------------------------------------------------------------------------------------------+
; Analysis & Synthesis Resource Utilization by Entity                                                                                                                                                                                                                                  ;
+---------------------------------------+-------------------+--------------+-------------+--------------+---------+-----------+-----------+------+--------------+-------------------------------------------------------------------------------------------------------+--------------+
; Compilation Hierarchy Node            ; LC Combinationals ; LC Registers ; Memory Bits ; DSP Elements ; DSP 9x9 ; DSP 18x18 ; DSP 36x36 ; Pins ; Virtual Pins ; Full Hierarchy Name                                                                                   ; Library Name ;
+---------------------------------------+-------------------+--------------+-------------+--------------+---------+-----------+-----------+------+--------------+-------------------------------------------------------------------------------------------------------+--------------+
; |LM75_I2C                             ; 1062 (176)        ; 115 (115)    ; 0           ; 0            ; 0       ; 0         ; 0         ; 44   ; 0            ; |LM75_I2C                                                                                             ; work         ;
;    |SevenSegment:map0|                ; 7 (7)             ; 0 (0)        ; 0           ; 0            ; 0       ; 0         ; 0         ; 0    ; 0            ; |LM75_I2C|SevenSegment:map0                                                                           ; work         ;
;    |SevenSegment:map1|                ; 7 (7)             ; 0 (0)        ; 0           ; 0            ; 0       ; 0         ; 0         ; 0    ; 0            ; |LM75_I2C|SevenSegment:map1                                                                           ; work         ;
;    |SevenSegment:map2|                ; 7 (7)             ; 0 (0)        ; 0           ; 0            ; 0       ; 0         ; 0         ; 0    ; 0            ; |LM75_I2C|SevenSegment:map2                                                                           ; work         ;
;    |SevenSegment:map3|                ; 7 (7)             ; 0 (0)        ; 0           ; 0            ; 0       ; 0         ; 0         ; 0    ; 0            ; |LM75_I2C|SevenSegment:map3                                                                           ; work         ;
;    |lpm_divide:Div0|                  ; 68 (0)            ; 0 (0)        ; 0           ; 0            ; 0       ; 0         ; 0         ; 0    ; 0            ; |LM75_I2C|lpm_divide:Div0                                                                             ; work         ;
;       |lpm_divide_06p:auto_generated| ; 68 (0)            ; 0 (0)        ; 0           ; 0            ; 0       ; 0         ; 0         ; 0    ; 0            ; |LM75_I2C|lpm_divide:Div0|lpm_divide_06p:auto_generated                                               ; work         ;
;          |abs_divider_1dg:divider|    ; 68 (0)            ; 0 (0)        ; 0           ; 0            ; 0       ; 0         ; 0         ; 0    ; 0            ; |LM75_I2C|lpm_divide:Div0|lpm_divide_06p:auto_generated|abs_divider_1dg:divider                       ; work         ;
;             |alt_u_div_n8f:divider|   ; 68 (68)           ; 0 (0)        ; 0           ; 0            ; 0       ; 0         ; 0         ; 0    ; 0            ; |LM75_I2C|lpm_divide:Div0|lpm_divide_06p:auto_generated|abs_divider_1dg:divider|alt_u_div_n8f:divider ; work         ;
;    |lpm_divide:Div1|                  ; 129 (0)           ; 0 (0)        ; 0           ; 0            ; 0       ; 0         ; 0         ; 0    ; 0            ; |LM75_I2C|lpm_divide:Div1                                                                             ; work         ;
;       |lpm_divide_m4p:auto_generated| ; 129 (0)           ; 0 (0)        ; 0           ; 0            ; 0       ; 0         ; 0         ; 0    ; 0            ; |LM75_I2C|lpm_divide:Div1|lpm_divide_m4p:auto_generated                                               ; work         ;
;          |abs_divider_nbg:divider|    ; 129 (0)           ; 0 (0)        ; 0           ; 0            ; 0       ; 0         ; 0         ; 0    ; 0            ; |LM75_I2C|lpm_divide:Div1|lpm_divide_m4p:auto_generated|abs_divider_nbg:divider                       ; work         ;
;             |alt_u_div_36f:divider|   ; 129 (129)         ; 0 (0)        ; 0           ; 0            ; 0       ; 0         ; 0         ; 0    ; 0            ; |LM75_I2C|lpm_divide:Div1|lpm_divide_m4p:auto_generated|abs_divider_nbg:divider|alt_u_div_36f:divider ; work         ;
;    |lpm_divide:Mod1|                  ; 119 (0)           ; 0 (0)        ; 0           ; 0            ; 0       ; 0         ; 0         ; 0    ; 0            ; |LM75_I2C|lpm_divide:Mod1                                                                             ; work         ;
;       |lpm_divide_6uo:auto_generated| ; 119 (0)           ; 0 (0)        ; 0           ; 0            ; 0       ; 0         ; 0         ; 0    ; 0            ; |LM75_I2C|lpm_divide:Mod1|lpm_divide_6uo:auto_generated                                               ; work         ;
;          |abs_divider_4dg:divider|    ; 119 (0)           ; 0 (0)        ; 0           ; 0            ; 0       ; 0         ; 0         ; 0    ; 0            ; |LM75_I2C|lpm_divide:Mod1|lpm_divide_6uo:auto_generated|abs_divider_4dg:divider                       ; work         ;
;             |alt_u_div_t8f:divider|   ; 119 (119)         ; 0 (0)        ; 0           ; 0            ; 0       ; 0         ; 0         ; 0    ; 0            ; |LM75_I2C|lpm_divide:Mod1|lpm_divide_6uo:auto_generated|abs_divider_4dg:divider|alt_u_div_t8f:divider ; work         ;
;    |lpm_divide:Mod2|                  ; 151 (0)           ; 0 (0)        ; 0           ; 0            ; 0       ; 0         ; 0         ; 0    ; 0            ; |LM75_I2C|lpm_divide:Mod2                                                                             ; work         ;
;       |lpm_divide_6uo:auto_generated| ; 151 (0)           ; 0 (0)        ; 0           ; 0            ; 0       ; 0         ; 0         ; 0    ; 0            ; |LM75_I2C|lpm_divide:Mod2|lpm_divide_6uo:auto_generated                                               ; work         ;
;          |abs_divider_4dg:divider|    ; 151 (0)           ; 0 (0)        ; 0           ; 0            ; 0       ; 0         ; 0         ; 0    ; 0            ; |LM75_I2C|lpm_divide:Mod2|lpm_divide_6uo:auto_generated|abs_divider_4dg:divider                       ; work         ;
;             |alt_u_div_t8f:divider|   ; 151 (151)         ; 0 (0)        ; 0           ; 0            ; 0       ; 0         ; 0         ; 0    ; 0            ; |LM75_I2C|lpm_divide:Mod2|lpm_divide_6uo:auto_generated|abs_divider_4dg:divider|alt_u_div_t8f:divider ; work         ;
;    |lpm_divide:Mod3|                  ; 391 (0)           ; 0 (0)        ; 0           ; 0            ; 0       ; 0         ; 0         ; 0    ; 0            ; |LM75_I2C|lpm_divide:Mod3                                                                             ; work         ;
;       |lpm_divide_6uo:auto_generated| ; 391 (0)           ; 0 (0)        ; 0           ; 0            ; 0       ; 0         ; 0         ; 0    ; 0            ; |LM75_I2C|lpm_divide:Mod3|lpm_divide_6uo:auto_generated                                               ; work         ;
;          |abs_divider_4dg:divider|    ; 391 (0)           ; 0 (0)        ; 0           ; 0            ; 0       ; 0         ; 0         ; 0    ; 0            ; |LM75_I2C|lpm_divide:Mod3|lpm_divide_6uo:auto_generated|abs_divider_4dg:divider                       ; work         ;
;             |alt_u_div_t8f:divider|   ; 391 (391)         ; 0 (0)        ; 0           ; 0            ; 0       ; 0         ; 0         ; 0    ; 0            ; |LM75_I2C|lpm_divide:Mod3|lpm_divide_6uo:auto_generated|abs_divider_4dg:divider|alt_u_div_t8f:divider ; work         ;
+---------------------------------------+-------------------+--------------+-------------+--------------+---------+-----------+-----------+------+--------------+-------------------------------------------------------------------------------------------------------+--------------+
Note: For table entries with two numbers listed, the numbers in parentheses indicate the number of resources of the given type used by the specific entity alone. The numbers listed outside of parentheses indicate the total resources of the given type used by the specific entity and all of its sub-entities in the hierarchy.


Encoding Type:  One-Hot
+--------------------------------------------------------------------------------------------------------------------------------------------------------------------------------------------------------------------------------------------------------------+
; State Machine - |LM75_I2C|state                                                                                                                                                                                                                              ;
+----------------------+------------------+------------------+-----------------+----------------+-------------+------------+----------------------+---------------------+---------------+--------------+-----------------+------------------+------------------+
; Name                 ; state.Processing ; state.StopState2 ; state.StopState ; state.ENDState ; state.Data2 ; state.Data ; state.Acknow_Master2 ; state.Acknow_Master ; state.Acknow2 ; state.Acknow ; state.readWrite ; state.Addressing ; state.Init_State ;
+----------------------+------------------+------------------+-----------------+----------------+-------------+------------+----------------------+---------------------+---------------+--------------+-----------------+------------------+------------------+
; state.Init_State     ; 0                ; 0                ; 0               ; 0              ; 0           ; 0          ; 0                    ; 0                   ; 0             ; 0            ; 0               ; 0                ; 0                ;
; state.Addressing     ; 0                ; 0                ; 0               ; 0              ; 0           ; 0          ; 0                    ; 0                   ; 0             ; 0            ; 0               ; 1                ; 1                ;
; state.readWrite      ; 0                ; 0                ; 0               ; 0              ; 0           ; 0          ; 0                    ; 0                   ; 0             ; 0            ; 1               ; 0                ; 1                ;
; state.Acknow         ; 0                ; 0                ; 0               ; 0              ; 0           ; 0          ; 0                    ; 0                   ; 0             ; 1            ; 0               ; 0                ; 1                ;
; state.Acknow2        ; 0                ; 0                ; 0               ; 0              ; 0           ; 0          ; 0                    ; 0                   ; 1             ; 0            ; 0               ; 0                ; 1                ;
; state.Acknow_Master  ; 0                ; 0                ; 0               ; 0              ; 0           ; 0          ; 0                    ; 1                   ; 0             ; 0            ; 0               ; 0                ; 1                ;
; state.Acknow_Master2 ; 0                ; 0                ; 0               ; 0              ; 0           ; 0          ; 1                    ; 0                   ; 0             ; 0            ; 0               ; 0                ; 1                ;
; state.Data           ; 0                ; 0                ; 0               ; 0              ; 0           ; 1          ; 0                    ; 0                   ; 0             ; 0            ; 0               ; 0                ; 1                ;
; state.Data2          ; 0                ; 0                ; 0               ; 0              ; 1           ; 0          ; 0                    ; 0                   ; 0             ; 0            ; 0               ; 0                ; 1                ;
; state.ENDState       ; 0                ; 0                ; 0               ; 1              ; 0           ; 0          ; 0                    ; 0                   ; 0             ; 0            ; 0               ; 0                ; 1                ;
; state.StopState      ; 0                ; 0                ; 1               ; 0              ; 0           ; 0          ; 0                    ; 0                   ; 0             ; 0            ; 0               ; 0                ; 1                ;
; state.StopState2     ; 0                ; 1                ; 0               ; 0              ; 0           ; 0          ; 0                    ; 0                   ; 0             ; 0            ; 0               ; 0                ; 1                ;
; state.Processing     ; 1                ; 0                ; 0               ; 0              ; 0           ; 0          ; 0                    ; 0                   ; 0             ; 0            ; 0               ; 0                ; 1                ;
+----------------------+------------------+------------------+-----------------+----------------+-------------+------------+----------------------+---------------------+---------------+--------------+-----------------+------------------+------------------+


+---------------------------------------------------------------------------------+
; Registers Removed During Synthesis                                              ;
+----------------------------------------+----------------------------------------+
; Register name                          ; Reason for Removal                     ;
+----------------------------------------+----------------------------------------+
; processing_data[9..30]                 ; Stuck at GND due to stuck port data_in ;
; processing_data[31]                    ; Lost fanout                            ;
; h[3]                                   ; Stuck at GND due to stuck port data_in ;
; Total Number of Removed Registers = 24 ;                                        ;
+----------------------------------------+----------------------------------------+


+------------------------------------------------------------------------------------------+
; Removed Registers Triggering Further Register Optimizations                              ;
+---------------------+---------------------------+----------------------------------------+
; Register name       ; Reason for Removal        ; Registers Removed due to This Register ;
+---------------------+---------------------------+----------------------------------------+
; processing_data[30] ; Stuck at GND              ; processing_data[31], h[3]              ;
;                     ; due to stuck port data_in ;                                        ;
+---------------------+---------------------------+----------------------------------------+


+------------------------------------------------------+
; General Register Statistics                          ;
+----------------------------------------------+-------+
; Statistic                                    ; Value ;
+----------------------------------------------+-------+
; Total registers                              ; 115   ;
; Number of registers using Synchronous Clear  ; 32    ;
; Number of registers using Synchronous Load   ; 0     ;
; Number of registers using Asynchronous Clear ; 50    ;
; Number of registers using Asynchronous Load  ; 0     ;
; Number of registers using Clock Enable       ; 73    ;
; Number of registers using Preset             ; 0     ;
+----------------------------------------------+-------+


+--------------------------------------------------+
; Inverted Register Statistics                     ;
+----------------------------------------+---------+
; Inverted Register                      ; Fan out ;
+----------------------------------------+---------+
; clock_state                            ; 2       ;
; processing_data[0]                     ; 2       ;
; i2c_sda~reg0                           ; 1       ;
; i2c_sda~en                             ; 1       ;
; Total number of inverted registers = 4 ;         ;
+----------------------------------------+---------+


+------------------------------------------------------------------------------------------------------------------------------------------+
; Multiplexer Restructuring Statistics (Restructuring Performed)                                                                           ;
+--------------------+-----------+---------------+----------------------+------------------------+------------+----------------------------+
; Multiplexer Inputs ; Bus Width ; Baseline Area ; Area if Restructured ; Saving if Restructured ; Registered ; Example Multiplexer Output ;
+--------------------+-----------+---------------+----------------------+------------------------+------------+----------------------------+
; 15:1               ; 32 bits   ; 320 LEs       ; 32 LEs               ; 288 LEs                ; Yes        ; |LM75_I2C|idx[14]          ;
; 22:1               ; 7 bits    ; 98 LEs        ; 42 LEs               ; 56 LEs                 ; No         ; |LM75_I2C|state            ;
; 24:1               ; 2 bits    ; 32 LEs        ; 6 LEs                ; 26 LEs                 ; No         ; |LM75_I2C|state            ;
+--------------------+-----------+---------------+----------------------+------------------------+------------+----------------------------+


+------------------------------------------------------------------+
; Parameter Settings for Inferred Entity Instance: lpm_divide:Mod3 ;
+------------------------+----------------+------------------------+
; Parameter Name         ; Value          ; Type                   ;
+------------------------+----------------+------------------------+
; LPM_WIDTHN             ; 32             ; Untyped                ;
; LPM_WIDTHD             ; 32             ; Untyped                ;
; LPM_NREPRESENTATION    ; SIGNED         ; Untyped                ;
; LPM_DREPRESENTATION    ; SIGNED         ; Untyped                ;
; LPM_PIPELINE           ; 0              ; Untyped                ;
; LPM_REMAINDERPOSITIVE  ; FALSE          ; Untyped                ;
; MAXIMIZE_SPEED         ; 5              ; Untyped                ;
; CBXI_PARAMETER         ; lpm_divide_6uo ; Untyped                ;
; CARRY_CHAIN            ; MANUAL         ; Untyped                ;
; OPTIMIZE_FOR_SPEED     ; 5              ; Untyped                ;
; AUTO_CARRY_CHAINS      ; ON             ; AUTO_CARRY             ;
; IGNORE_CARRY_BUFFERS   ; OFF            ; IGNORE_CARRY           ;
; AUTO_CASCADE_CHAINS    ; ON             ; AUTO_CASCADE           ;
; IGNORE_CASCADE_BUFFERS ; OFF            ; IGNORE_CASCADE         ;
+------------------------+----------------+------------------------+
Note: In order to hide this table in the UI and the text report file, please set the "Show Parameter Settings in Synthesis Report" option in "Analysis and Synthesis Settings -> More Settings" to "Off".


+------------------------------------------------------------------+
; Parameter Settings for Inferred Entity Instance: lpm_divide:Mod2 ;
+------------------------+----------------+------------------------+
; Parameter Name         ; Value          ; Type                   ;
+------------------------+----------------+------------------------+
; LPM_WIDTHN             ; 32             ; Untyped                ;
; LPM_WIDTHD             ; 32             ; Untyped                ;
; LPM_NREPRESENTATION    ; SIGNED         ; Untyped                ;
; LPM_DREPRESENTATION    ; SIGNED         ; Untyped                ;
; LPM_PIPELINE           ; 0              ; Untyped                ;
; LPM_REMAINDERPOSITIVE  ; FALSE          ; Untyped                ;
; MAXIMIZE_SPEED         ; 5              ; Untyped                ;
; CBXI_PARAMETER         ; lpm_divide_6uo ; Untyped                ;
; CARRY_CHAIN            ; MANUAL         ; Untyped                ;
; OPTIMIZE_FOR_SPEED     ; 5              ; Untyped                ;
; AUTO_CARRY_CHAINS      ; ON             ; AUTO_CARRY             ;
; IGNORE_CARRY_BUFFERS   ; OFF            ; IGNORE_CARRY           ;
; AUTO_CASCADE_CHAINS    ; ON             ; AUTO_CASCADE           ;
; IGNORE_CASCADE_BUFFERS ; OFF            ; IGNORE_CASCADE         ;
+------------------------+----------------+------------------------+
Note: In order to hide this table in the UI and the text report file, please set the "Show Parameter Settings in Synthesis Report" option in "Analysis and Synthesis Settings -> More Settings" to "Off".


+------------------------------------------------------------------+
; Parameter Settings for Inferred Entity Instance: lpm_divide:Div1 ;
+------------------------+----------------+------------------------+
; Parameter Name         ; Value          ; Type                   ;
+------------------------+----------------+------------------------+
; LPM_WIDTHN             ; 32             ; Untyped                ;
; LPM_WIDTHD             ; 8              ; Untyped                ;
; LPM_NREPRESENTATION    ; SIGNED         ; Untyped                ;
; LPM_DREPRESENTATION    ; SIGNED         ; Untyped                ;
; LPM_PIPELINE           ; 0              ; Untyped                ;
; LPM_REMAINDERPOSITIVE  ; FALSE          ; Untyped                ;
; MAXIMIZE_SPEED         ; 5              ; Untyped                ;
; CBXI_PARAMETER         ; lpm_divide_m4p ; Untyped                ;
; CARRY_CHAIN            ; MANUAL         ; Untyped                ;
; OPTIMIZE_FOR_SPEED     ; 5              ; Untyped                ;
; AUTO_CARRY_CHAINS      ; ON             ; AUTO_CARRY             ;
; IGNORE_CARRY_BUFFERS   ; OFF            ; IGNORE_CARRY           ;
; AUTO_CASCADE_CHAINS    ; ON             ; AUTO_CASCADE           ;
; IGNORE_CASCADE_BUFFERS ; OFF            ; IGNORE_CASCADE         ;
+------------------------+----------------+------------------------+
Note: In order to hide this table in the UI and the text report file, please set the "Show Parameter Settings in Synthesis Report" option in "Analysis and Synthesis Settings -> More Settings" to "Off".


+------------------------------------------------------------------+
; Parameter Settings for Inferred Entity Instance: lpm_divide:Mod1 ;
+------------------------+----------------+------------------------+
; Parameter Name         ; Value          ; Type                   ;
+------------------------+----------------+------------------------+
; LPM_WIDTHN             ; 32             ; Untyped                ;
; LPM_WIDTHD             ; 32             ; Untyped                ;
; LPM_NREPRESENTATION    ; SIGNED         ; Untyped                ;
; LPM_DREPRESENTATION    ; SIGNED         ; Untyped                ;
; LPM_PIPELINE           ; 0              ; Untyped                ;
; LPM_REMAINDERPOSITIVE  ; FALSE          ; Untyped                ;
; MAXIMIZE_SPEED         ; 5              ; Untyped                ;
; CBXI_PARAMETER         ; lpm_divide_6uo ; Untyped                ;
; CARRY_CHAIN            ; MANUAL         ; Untyped                ;
; OPTIMIZE_FOR_SPEED     ; 5              ; Untyped                ;
; AUTO_CARRY_CHAINS      ; ON             ; AUTO_CARRY             ;
; IGNORE_CARRY_BUFFERS   ; OFF            ; IGNORE_CARRY           ;
; AUTO_CASCADE_CHAINS    ; ON             ; AUTO_CASCADE           ;
; IGNORE_CASCADE_BUFFERS ; OFF            ; IGNORE_CASCADE         ;
+------------------------+----------------+------------------------+
Note: In order to hide this table in the UI and the text report file, please set the "Show Parameter Settings in Synthesis Report" option in "Analysis and Synthesis Settings -> More Settings" to "Off".


+------------------------------------------------------------------+
; Parameter Settings for Inferred Entity Instance: lpm_divide:Div0 ;
+------------------------+----------------+------------------------+
; Parameter Name         ; Value          ; Type                   ;
+------------------------+----------------+------------------------+
; LPM_WIDTHN             ; 32             ; Untyped                ;
; LPM_WIDTHD             ; 11             ; Untyped                ;
; LPM_NREPRESENTATION    ; SIGNED         ; Untyped                ;
; LPM_DREPRESENTATION    ; SIGNED         ; Untyped                ;
; LPM_PIPELINE           ; 0              ; Untyped                ;
; LPM_REMAINDERPOSITIVE  ; FALSE          ; Untyped                ;
; MAXIMIZE_SPEED         ; 5              ; Untyped                ;
; CBXI_PARAMETER         ; lpm_divide_06p ; Untyped                ;
; CARRY_CHAIN            ; MANUAL         ; Untyped                ;
; OPTIMIZE_FOR_SPEED     ; 5              ; Untyped                ;
; AUTO_CARRY_CHAINS      ; ON             ; AUTO_CARRY             ;
; IGNORE_CARRY_BUFFERS   ; OFF            ; IGNORE_CARRY           ;
; AUTO_CASCADE_CHAINS    ; ON             ; AUTO_CASCADE           ;
; IGNORE_CASCADE_BUFFERS ; OFF            ; IGNORE_CASCADE         ;
+------------------------+----------------+------------------------+
Note: In order to hide this table in the UI and the text report file, please set the "Show Parameter Settings in Synthesis Report" option in "Analysis and Synthesis Settings -> More Settings" to "Off".


+------------------------------------------------------------------+
; Parameter Settings for Inferred Entity Instance: lpm_divide:Mod0 ;
+------------------------+----------------+------------------------+
; Parameter Name         ; Value          ; Type                   ;
+------------------------+----------------+------------------------+
; LPM_WIDTHN             ; 32             ; Untyped                ;
; LPM_WIDTHD             ; 32             ; Untyped                ;
; LPM_NREPRESENTATION    ; SIGNED         ; Untyped                ;
; LPM_DREPRESENTATION    ; SIGNED         ; Untyped                ;
; LPM_PIPELINE           ; 0              ; Untyped                ;
; LPM_REMAINDERPOSITIVE  ; FALSE          ; Untyped                ;
; MAXIMIZE_SPEED         ; 5              ; Untyped                ;
; CBXI_PARAMETER         ; lpm_divide_6uo ; Untyped                ;
; CARRY_CHAIN            ; MANUAL         ; Untyped                ;
; OPTIMIZE_FOR_SPEED     ; 5              ; Untyped                ;
; AUTO_CARRY_CHAINS      ; ON             ; AUTO_CARRY             ;
; IGNORE_CARRY_BUFFERS   ; OFF            ; IGNORE_CARRY           ;
; AUTO_CASCADE_CHAINS    ; ON             ; AUTO_CASCADE           ;
; IGNORE_CASCADE_BUFFERS ; OFF            ; IGNORE_CASCADE         ;
+------------------------+----------------+------------------------+
Note: In order to hide this table in the UI and the text report file, please set the "Show Parameter Settings in Synthesis Report" option in "Analysis and Synthesis Settings -> More Settings" to "Off".


+-------------------------------+
; Elapsed Time Per Partition    ;
+----------------+--------------+
; Partition Name ; Elapsed Time ;
+----------------+--------------+
; Top            ; 00:00:03     ;
+----------------+--------------+


+-------------------------------+
; Analysis & Synthesis Messages ;
+-------------------------------+
Info: *******************************************************************
Info: Running Quartus II 64-Bit Analysis & Synthesis
    Info: Version 13.0.1 Build 232 06/12/2013 Service Pack 1 SJ Web Edition
    Info: Processing started: Thu Nov 14 20:24:07 2019
Info: Command: quartus_map --read_settings_files=on --write_settings_files=off LM75_I2C -c LM75_I2C
Info (11104): Parallel Compilation has detected 8 hyper-threaded processors. However, the extra hyper-threaded processors will not be used by default. Parallel Compilation will use 4 of the 4 physical processors detected instead.
Warning (12125): Using design file lm75_i2c.vhd, which is not specified as a design file for the current project, but contains definitions for 4 design units and 2 entities in project
    Info (12022): Found design unit 1: SevenSegment-arch2
    Info (12022): Found design unit 2: LM75_I2C-arch
    Info (12023): Found entity 1: SevenSegment
    Info (12023): Found entity 2: LM75_I2C
Info (12127): Elaborating entity "LM75_I2C" for the top level hierarchy
Warning (10540): VHDL Signal Declaration warning at lm75_i2c.vhd(62): used explicit default value for signal "HEX1_DEC_POINT" because signal was never assigned a value
Warning (10492): VHDL Process Statement warning at lm75_i2c.vhd(107): signal "BUTTON" is read inside the Process Statement but isn't in the Process Statement's sensitivity list
Info (12128): Elaborating entity "SevenSegment" for hierarchy "SevenSegment:map0"
Info (278001): Inferred 6 megafunctions from design logic
    Info (278004): Inferred divider/modulo megafunction ("lpm_divide") from the following logic: "Mod3"
    Info (278004): Inferred divider/modulo megafunction ("lpm_divide") from the following logic: "Mod2"
    Info (278004): Inferred divider/modulo megafunction ("lpm_divide") from the following logic: "Div1"
    Info (278004): Inferred divider/modulo megafunction ("lpm_divide") from the following logic: "Mod1"
    Info (278004): Inferred divider/modulo megafunction ("lpm_divide") from the following logic: "Div0"
    Info (278004): Inferred divider/modulo megafunction ("lpm_divide") from the following logic: "Mod0"
Info (12130): Elaborated megafunction instantiation "lpm_divide:Mod3"
Info (12133): Instantiated megafunction "lpm_divide:Mod3" with the following parameter:
    Info (12134): Parameter "LPM_WIDTHN" = "32"
    Info (12134): Parameter "LPM_WIDTHD" = "32"
    Info (12134): Parameter "LPM_NREPRESENTATION" = "SIGNED"
    Info (12134): Parameter "LPM_DREPRESENTATION" = "SIGNED"
    Info (12134): Parameter "LPM_HINT" = "LPM_REMAINDERPOSITIVE=FALSE"
Info (12021): Found 1 design units, including 1 entities, in source file db/lpm_divide_6uo.tdf
    Info (12023): Found entity 1: lpm_divide_6uo
Info (12021): Found 1 design units, including 1 entities, in source file db/abs_divider_4dg.tdf
    Info (12023): Found entity 1: abs_divider_4dg
Info (12021): Found 1 design units, including 1 entities, in source file db/alt_u_div_t8f.tdf
    Info (12023): Found entity 1: alt_u_div_t8f
Info (12021): Found 1 design units, including 1 entities, in source file db/add_sub_unc.tdf
    Info (12023): Found entity 1: add_sub_unc
Info (12021): Found 1 design units, including 1 entities, in source file db/add_sub_vnc.tdf
    Info (12023): Found entity 1: add_sub_vnc
Info (12021): Found 1 design units, including 1 entities, in source file db/lpm_abs_9v9.tdf
    Info (12023): Found entity 1: lpm_abs_9v9
Info (12130): Elaborated megafunction instantiation "lpm_divide:Mod2"
Info (12133): Instantiated megafunction "lpm_divide:Mod2" with the following parameter:
    Info (12134): Parameter "LPM_WIDTHN" = "32"
    Info (12134): Parameter "LPM_WIDTHD" = "32"
    Info (12134): Parameter "LPM_NREPRESENTATION" = "SIGNED"
    Info (12134): Parameter "LPM_DREPRESENTATION" = "SIGNED"
    Info (12134): Parameter "LPM_HINT" = "LPM_REMAINDERPOSITIVE=FALSE"
Info (12130): Elaborated megafunction instantiation "lpm_divide:Div1"
Info (12133): Instantiated megafunction "lpm_divide:Div1" with the following parameter:
    Info (12134): Parameter "LPM_WIDTHN" = "32"
    Info (12134): Parameter "LPM_WIDTHD" = "8"
    Info (12134): Parameter "LPM_NREPRESENTATION" = "SIGNED"
    Info (12134): Parameter "LPM_DREPRESENTATION" = "SIGNED"
    Info (12134): Parameter "LPM_HINT" = "LPM_REMAINDERPOSITIVE=FALSE"
Info (12021): Found 1 design units, including 1 entities, in source file db/lpm_divide_m4p.tdf
    Info (12023): Found entity 1: lpm_divide_m4p
Info (12021): Found 1 design units, including 1 entities, in source file db/abs_divider_nbg.tdf
    Info (12023): Found entity 1: abs_divider_nbg
Info (12021): Found 1 design units, including 1 entities, in source file db/alt_u_div_36f.tdf
    Info (12023): Found entity 1: alt_u_div_36f
Info (12021): Found 1 design units, including 1 entities, in source file db/lpm_abs_st9.tdf
    Info (12023): Found entity 1: lpm_abs_st9
Info (12130): Elaborated megafunction instantiation "lpm_divide:Mod1"
Info (12133): Instantiated megafunction "lpm_divide:Mod1" with the following parameter:
    Info (12134): Parameter "LPM_WIDTHN" = "32"
    Info (12134): Parameter "LPM_WIDTHD" = "32"
    Info (12134): Parameter "LPM_NREPRESENTATION" = "SIGNED"
    Info (12134): Parameter "LPM_DREPRESENTATION" = "SIGNED"
    Info (12134): Parameter "LPM_HINT" = "LPM_REMAINDERPOSITIVE=FALSE"
Info (12130): Elaborated megafunction instantiation "lpm_divide:Div0"
Info (12133): Instantiated megafunction "lpm_divide:Div0" with the following parameter:
    Info (12134): Parameter "LPM_WIDTHN" = "32"
    Info (12134): Parameter "LPM_WIDTHD" = "11"
    Info (12134): Parameter "LPM_NREPRESENTATION" = "SIGNED"
    Info (12134): Parameter "LPM_DREPRESENTATION" = "SIGNED"
    Info (12134): Parameter "LPM_HINT" = "LPM_REMAINDERPOSITIVE=FALSE"
Info (12021): Found 1 design units, including 1 entities, in source file db/lpm_divide_06p.tdf
    Info (12023): Found entity 1: lpm_divide_06p
Info (12021): Found 1 design units, including 1 entities, in source file db/abs_divider_1dg.tdf
    Info (12023): Found entity 1: abs_divider_1dg
Info (12021): Found 1 design units, including 1 entities, in source file db/alt_u_div_n8f.tdf
    Info (12023): Found entity 1: alt_u_div_n8f
Info (12021): Found 1 design units, including 1 entities, in source file db/lpm_abs_6v9.tdf
    Info (12023): Found entity 1: lpm_abs_6v9
Info (13000): Registers with preset signals will power-up high
Info (13003): DEV_CLRn pin will set, and not reset, register with preset signal due to NOT Gate Push-Back
Warning (13024): Output pins are stuck at VCC or GND
    Warning (13410): Pin "HEX1_DEC_POINT" is stuck at GND
    Warning (13410): Pin "LEDG[9]" is stuck at GND
Critical Warning (18061): Ignored Power-Up Level option on the following registers
    Critical Warning (18010): Register i2c_sda~en will power up to High
Info (286030): Timing-Driven Synthesis is running
Info (17049): 1 registers lost all their fanouts during netlist optimizations.
Info (17016): Found the following redundant logic cells in design
    Info (17048): Logic cell "lpm_divide:Div1|lpm_divide_m4p:auto_generated|abs_divider_nbg:divider|alt_u_div_36f:divider|add_sub_26_result_int[1]~16"
    Info (17048): Logic cell "lpm_divide:Mod1|lpm_divide_6uo:auto_generated|abs_divider_4dg:divider|alt_u_div_t8f:divider|op_24~0"
    Info (17048): Logic cell "lpm_divide:Mod1|lpm_divide_6uo:auto_generated|abs_divider_4dg:divider|alt_u_div_t8f:divider|op_21~34"
    Info (17048): Logic cell "lpm_divide:Mod1|lpm_divide_6uo:auto_generated|abs_divider_4dg:divider|alt_u_div_t8f:divider|op_23~38"
    Info (17048): Logic cell "lpm_divide:Div0|lpm_divide_06p:auto_generated|abs_divider_1dg:divider|alt_u_div_n8f:divider|add_sub_29_result_int[2]~20"
    Info (17048): Logic cell "lpm_divide:Div0|lpm_divide_06p:auto_generated|abs_divider_1dg:divider|alt_u_div_n8f:divider|add_sub_29_result_int[1]~22"
Info (16010): Generating hard_block partition "hard_block:auto_generated_inst"
    Info (16011): Adding 0 node(s), including 0 DDIO, 0 PLL, 0 transceiver and 0 LCELL
Warning (21074): Design contains 1 input pin(s) that do not drive logic
    Warning (15610): No output dependent on input pin "reset"
Info (21057): Implemented 1128 device resources after synthesis - the final resource count might be different
    Info (21058): Implemented 3 input pins
    Info (21059): Implemented 40 output pins
    Info (21060): Implemented 1 bidirectional pins
    Info (21061): Implemented 1084 logic cells
Info: Quartus II 64-Bit Analysis & Synthesis was successful. 0 errors, 10 warnings
    Info: Peak virtual memory: 4770 megabytes
    Info: Processing ended: Thu Nov 14 20:24:12 2019
    Info: Elapsed time: 00:00:05
    Info: Total CPU time (on all processors): 00:00:04


